Using pre-set license
Built from '2020.3/staging' branch; Version is '2020.3.17f1 (a4537701e4ab) revision 10769271'; Using compiler version '192528614'; Build Type 'Release'
OS: 'Windows 10 Home; OS build 19044.1466; Version 2009; 64bit' Language: 'en' Physical Memory: 16281 MB
BatchMode: 1, IsHumanControllingUs: 0, StartBugReporterOnCrash: 0, Is64bit: 1, IsPro: 0

COMMAND LINE ARGUMENTS:
D:\Unity\2020.3.17f1\Editor\Unity.exe
-adb2
-batchMode
-noUpm
-name
AssetImportWorker0
-projectPath
D:/GBC Y3/SEM 2/GAME ENGINES 4/Assignment/GAME3033_Assignment_KumarVineet
-logFile
Logs/AssetImportWorker0.log
-srvPort
51406
Successfully changed project path to: D:/GBC Y3/SEM 2/GAME ENGINES 4/Assignment/GAME3033_Assignment_KumarVineet
D:/GBC Y3/SEM 2/GAME ENGINES 4/Assignment/GAME3033_Assignment_KumarVineet
Using Asset Import Pipeline V2.
Refreshing native plugins compatible for Editor in 36.71 ms, found 3 plugins.
Preloading 0 native plugins for Editor in 0.00 ms.
Initialize engine version: 2020.3.17f1 (a4537701e4ab)
[Subsystems] Discovering subsystems at path D:/Unity/2020.3.17f1/Editor/Data/Resources/UnitySubsystems
[Subsystems] Discovering subsystems at path D:/GBC Y3/SEM 2/GAME ENGINES 4/Assignment/GAME3033_Assignment_KumarVineet/Assets
GfxDevice: creating device client; threaded=0
Direct3D:
    Version:  Direct3D 11.0 [level 11.1]
    Renderer: NVIDIA GeForce RTX 3070 (ID=0x2484)
    Vendor:   
    VRAM:     8043 MB
    Driver:   30.0.15.1123
Initialize mono
Mono path[0] = 'D:/Unity/2020.3.17f1/Editor/Data/Managed'
Mono path[1] = 'D:/Unity/2020.3.17f1/Editor/Data/MonoBleedingEdge/lib/mono/unityjit'
Mono config path = 'D:/Unity/2020.3.17f1/Editor/Data/MonoBleedingEdge/etc'
Using monoOptions --debugger-agent=transport=dt_socket,embedding=1,server=y,suspend=n,address=127.0.0.1:56308
Begin MonoManager ReloadAssembly
Registering precompiled unity dll's ...
Register platform support module: D:/Unity/2020.3.17f1/Editor/Data/PlaybackEngines/WebGLSupport/UnityEditor.WebGL.Extensions.dll
Register platform support module: D:/Unity/2020.3.17f1/Editor/Data/PlaybackEngines/MacStandaloneSupport/UnityEditor.OSXStandalone.Extensions.dll
Register platform support module: D:/Unity/2020.3.17f1/Editor/Data/PlaybackEngines/WindowsStandaloneSupport/UnityEditor.WindowsStandalone.Extensions.dll
Registered in 0.000866 seconds.
Native extension for WindowsStandalone target not found
Native extension for OSXStandalone target not found
Native extension for WebGL target not found
Refreshing native plugins compatible for Editor in 30.95 ms, found 3 plugins.
Preloading 0 native plugins for Editor in 0.00 ms.
Mono: successfully reloaded assembly
- Completed reload, in  1.332 seconds
Domain Reload Profiling:
	ReloadAssembly (1332ms)
		BeginReloadAssembly (36ms)
			ExecutionOrderSort (0ms)
			DisableScriptedObjects (0ms)
			BackupInstance (0ms)
			ReleaseScriptingObjects (0ms)
			CreateAndSetChildDomain (1ms)
		EndReloadAssembly (307ms)
			LoadAssemblies (36ms)
			RebuildTransferFunctionScriptingTraits (0ms)
			SetupTypeCache (99ms)
			ReleaseScriptCaches (0ms)
			RebuildScriptCaches (26ms)
			SetupLoadedEditorAssemblies (130ms)
				LogAssemblyErrors (0ms)
				InitializePlatformSupportModulesInManaged (4ms)
				SetLoadedEditorAssemblies (0ms)
				RefreshPlugins (31ms)
				BeforeProcessingInitializeOnLoad (13ms)
				ProcessInitializeOnLoadAttributes (61ms)
				ProcessInitializeOnLoadMethodAttributes (21ms)
				AfterProcessingInitializeOnLoad (0ms)
				EditorAssembliesLoaded (0ms)
			ExecutionOrderSort2 (0ms)
			AwakeInstancesAfterBackupRestoration (0ms)
Platform modules already initialized, skipping
Registering precompiled user dll's ...
Registered in 0.006135 seconds.
Begin MonoManager ReloadAssembly
Native extension for WindowsStandalone target not found
Native extension for OSXStandalone target not found
Native extension for WebGL target not found
Refreshing native plugins compatible for Editor in 30.87 ms, found 3 plugins.
Preloading 0 native plugins for Editor in 0.00 ms.
Mono: successfully reloaded assembly
- Completed reload, in  0.897 seconds
Domain Reload Profiling:
	ReloadAssembly (897ms)
		BeginReloadAssembly (96ms)
			ExecutionOrderSort (0ms)
			DisableScriptedObjects (3ms)
			BackupInstance (0ms)
			ReleaseScriptingObjects (0ms)
			CreateAndSetChildDomain (13ms)
		EndReloadAssembly (762ms)
			LoadAssemblies (73ms)
			RebuildTransferFunctionScriptingTraits (0ms)
			SetupTypeCache (199ms)
			ReleaseScriptCaches (0ms)
			RebuildScriptCaches (42ms)
			SetupLoadedEditorAssemblies (362ms)
				LogAssemblyErrors (0ms)
				InitializePlatformSupportModulesInManaged (4ms)
				SetLoadedEditorAssemblies (0ms)
				RefreshPlugins (31ms)
				BeforeProcessingInitializeOnLoad (59ms)
				ProcessInitializeOnLoadAttributes (263ms)
				ProcessInitializeOnLoadMethodAttributes (3ms)
				AfterProcessingInitializeOnLoad (1ms)
				EditorAssembliesLoaded (0ms)
			ExecutionOrderSort2 (0ms)
			AwakeInstancesAfterBackupRestoration (5ms)
Platform modules already initialized, skipping
========================================================================
Worker process is ready to serve import requests
Launched and connected shader compiler UnityShaderCompiler.exe after 0.05 seconds
Refreshing native plugins compatible for Editor in 0.38 ms, found 3 plugins.
Preloading 0 native plugins for Editor in 0.00 ms.
Unloading 2433 Unused Serialized files (Serialized files now loaded: 0)
System memory in use before: 104.3 MB.
System memory in use after: 104.4 MB.

Unloading 25 unused Assets to reduce memory usage. Loaded Objects now: 2866.
Total: 3.061800 ms (FindLiveObjects: 0.176600 ms CreateObjectMapping: 0.057500 ms MarkObjects: 2.736900 ms  DeleteObjects: 0.089800 ms)

AssetImportParameters requested are different than current active one (requested -> active):
  custom:framework-win-MediaFoundation: 216162199b28c13a410421893ffa2e32 -> 
  custom:video-decoder-ogg-theora: a1e56fd34408186e4bbccfd4996cb3dc -> 
  custom:container-muxer-webm: aa71ff27fc2769a1b78a27578f13a17b -> 
  custom:container-demuxer-webm: 4f35f7cbe854078d1ac9338744f61a02 -> 
  custom:container-demuxer-ogg: 62fdf1f143b41e24485cea50d1cbac27 -> 
  custom:video-encoder-webm-vp8: eb34c28f22e8b96e1ab97ce403110664 -> 
  custom:video-decoder-webm-vp8: 9c59270c3fd7afecdb556c50c9e8de78 -> 
  custom:audio-decoder-ogg-vorbis: bf7c407c2cedff20999df2af8eb42d56 -> 
  custom:audio-encoder-webm-vorbis: bf7c407c2cedff20999df2af8eb42d56 -> 
========================================================================
Received Import Request.
  path: Assets/[Scripts]
  artifactKey: Guid(346e9f3bd59c169408d3323c41adc9d3) Importer(815301076,1909f56bfc062723c751e8b465ee728b)
Start importing Assets/[Scripts] using Guid(346e9f3bd59c169408d3323c41adc9d3) Importer(815301076,1909f56bfc062723c751e8b465ee728b)  -> (artifact id: '29a0c639f1c71efd0e25cca175178a17') in 0.008183 seconds 
  Import took 0.010724 seconds .

========================================================================
Received Import Request.
  Time since last request: 0.000333 seconds.
  path: Assets/Scenes
  artifactKey: Guid(6a8e22bdde067fb4e9ffa5ea8c09aebf) Importer(815301076,1909f56bfc062723c751e8b465ee728b)
Start importing Assets/Scenes using Guid(6a8e22bdde067fb4e9ffa5ea8c09aebf) Importer(815301076,1909f56bfc062723c751e8b465ee728b)  -> (artifact id: '5e8c921b208a5349e0eb4674acee08a4') in 0.004485 seconds 
  Import took 0.007558 seconds .

========================================================================
Received Import Request.
  Time since last request: 2.714469 seconds.
  path: Assets/[Scenes]
  artifactKey: Guid(6a8e22bdde067fb4e9ffa5ea8c09aebf) Importer(815301076,1909f56bfc062723c751e8b465ee728b)
Start importing Assets/[Scenes] using Guid(6a8e22bdde067fb4e9ffa5ea8c09aebf) Importer(815301076,1909f56bfc062723c751e8b465ee728b)  -> (artifact id: 'f55c5a15ae2a305744ab219181af85ab') in 0.005611 seconds 
  Import took 0.008729 seconds .

========================================================================
Received Import Request.
  Time since last request: 2.390273 seconds.
  path: Assets
  artifactKey: Guid(00000000000000001000000000000000) Importer(815301076,1909f56bfc062723c751e8b465ee728b)
Start importing Assets using Guid(00000000000000001000000000000000) Importer(815301076,1909f56bfc062723c751e8b465ee728b)  -> (artifact id: '42d402b061de3733987d63b9cc3b64de') in 0.005765 seconds 
  Import took 0.008597 seconds .

========================================================================
Received Import Request.
  Time since last request: 6.156282 seconds.
  path: Assets/[Prefabs]
  artifactKey: Guid(ad5f43bc72c54824bbdad2b4d5f33f56) Importer(815301076,1909f56bfc062723c751e8b465ee728b)
Start importing Assets/[Prefabs] using Guid(ad5f43bc72c54824bbdad2b4d5f33f56) Importer(815301076,1909f56bfc062723c751e8b465ee728b)  -> (artifact id: '0e5c6c5dcba1f0cdc72846c38467b524') in 0.005335 seconds 
  Import took 0.008562 seconds .

========================================================================
Received Import Request.
  Time since last request: 7.652556 seconds.
  path: Assets/[Textures]
  artifactKey: Guid(1ac0e3309c0c4d24fa8146f6f9abb1cc) Importer(815301076,1909f56bfc062723c751e8b465ee728b)
Start importing Assets/[Textures] using Guid(1ac0e3309c0c4d24fa8146f6f9abb1cc) Importer(815301076,1909f56bfc062723c751e8b465ee728b)  -> (artifact id: 'fc498e1bcb8344817c04fc7684b3a979') in 0.004374 seconds 
  Import took 0.007770 seconds .

========================================================================
Received Import Request.
  Time since last request: 0.000965 seconds.
  path: Assets/[Textures]
  artifactKey: Guid(1ac0e3309c0c4d24fa8146f6f9abb1cc) Importer(815301076,1909f56bfc062723c751e8b465ee728b)
Start importing Assets/[Textures] using Guid(1ac0e3309c0c4d24fa8146f6f9abb1cc) Importer(815301076,1909f56bfc062723c751e8b465ee728b)  -> (artifact id: 'fc498e1bcb8344817c04fc7684b3a979') in 0.002087 seconds 
  Import took 0.004913 seconds .

========================================================================
Received Import Request.
  Time since last request: 6.789235 seconds.
  path: Assets/Sprites
  artifactKey: Guid(902ea3d1d89a398419db003e4f673cf8) Importer(815301076,1909f56bfc062723c751e8b465ee728b)
Start importing Assets/Sprites using Guid(902ea3d1d89a398419db003e4f673cf8) Importer(815301076,1909f56bfc062723c751e8b465ee728b)  -> (artifact id: '99130d50d47ec9ded42ca7ec8aa8d9e6') in 0.004726 seconds 
  Import took 0.007327 seconds .

========================================================================
Received Import Request.
  Time since last request: 6.533611 seconds.
  path: Assets/Prefabs
  artifactKey: Guid(ad5f43bc72c54824bbdad2b4d5f33f56) Importer(815301076,1909f56bfc062723c751e8b465ee728b)
Start importing Assets/Prefabs using Guid(ad5f43bc72c54824bbdad2b4d5f33f56) Importer(815301076,1909f56bfc062723c751e8b465ee728b)  -> (artifact id: 'bd5da875269a8e87fd1923e7dc132a72') in 0.004492 seconds 
  Import took 0.007353 seconds .

========================================================================
Received Import Request.
  Time since last request: 6.655739 seconds.
  path: Assets/Textures
  artifactKey: Guid(1ac0e3309c0c4d24fa8146f6f9abb1cc) Importer(815301076,1909f56bfc062723c751e8b465ee728b)
Start importing Assets/Textures using Guid(1ac0e3309c0c4d24fa8146f6f9abb1cc) Importer(815301076,1909f56bfc062723c751e8b465ee728b)  -> (artifact id: 'f506f1e43b35236c925160ac12b2d6ab') in 0.004633 seconds 
  Import took 0.007319 seconds .

========================================================================
Received Import Request.
  Time since last request: 25.089015 seconds.
  path: Assets/Materials
  artifactKey: Guid(fa9a01232735a844aa29537834261718) Importer(815301076,1909f56bfc062723c751e8b465ee728b)
Start importing Assets/Materials using Guid(fa9a01232735a844aa29537834261718) Importer(815301076,1909f56bfc062723c751e8b465ee728b)  -> (artifact id: '00daedf4f4118c31fc5cf82192d85974') in 0.003959 seconds 
  Import took 0.006812 seconds .

========================================================================
Received Import Request.
  Time since last request: 0.011939 seconds.
  path: Assets/Materials
  artifactKey: Guid(fa9a01232735a844aa29537834261718) Importer(815301076,1909f56bfc062723c751e8b465ee728b)
Start importing Assets/Materials using Guid(fa9a01232735a844aa29537834261718) Importer(815301076,1909f56bfc062723c751e8b465ee728b)  -> (artifact id: '00daedf4f4118c31fc5cf82192d85974') in 0.001507 seconds 
  Import took 0.004629 seconds .

========================================================================
Received Import Request.
  Time since last request: 39.106274 seconds.
  path: Assets/Data
  artifactKey: Guid(be05cdafbad9491439f3ba68a77ad853) Importer(815301076,1909f56bfc062723c751e8b465ee728b)
Start importing Assets/Data using Guid(be05cdafbad9491439f3ba68a77ad853) Importer(815301076,1909f56bfc062723c751e8b465ee728b)  -> (artifact id: '389395ce2ce168c4462ed7c1949d617f') in 0.004800 seconds 
  Import took 0.007715 seconds .

========================================================================
Received Import Request.
  Time since last request: 17.188365 seconds.
  path: Assets/z_Credits
  artifactKey: Guid(eef23a37c6550304c8a9a44781ee67c6) Importer(815301076,1909f56bfc062723c751e8b465ee728b)
Start importing Assets/z_Credits using Guid(eef23a37c6550304c8a9a44781ee67c6) Importer(815301076,1909f56bfc062723c751e8b465ee728b)  -> (artifact id: '561f9438e65ef89d69b8b3dc06c399d5') in 0.004467 seconds 
  Import took 0.007435 seconds .

========================================================================
Received Import Request.
  Time since last request: 133.939507 seconds.
  path: Assets/Art Assets
  artifactKey: Guid(257f231204babe5408addb18e58d5416) Importer(815301076,1909f56bfc062723c751e8b465ee728b)
Start importing Assets/Art Assets using Guid(257f231204babe5408addb18e58d5416) Importer(815301076,1909f56bfc062723c751e8b465ee728b)  -> (artifact id: '6af601cef3e56c7e10877b39a26c4aa4') in 0.004376 seconds 
  Import took 0.007849 seconds .

========================================================================
Received Import Request.
  Time since last request: 8.318958 seconds.
  path: Assets/Models
  artifactKey: Guid(15a67f9aba776064faa7a4387df2c926) Importer(815301076,1909f56bfc062723c751e8b465ee728b)
Start importing Assets/Models using Guid(15a67f9aba776064faa7a4387df2c926) Importer(815301076,1909f56bfc062723c751e8b465ee728b)  -> (artifact id: '4e328f5bec2072c28cc205fb5cd6ac91') in 0.004547 seconds 
  Import took 0.007234 seconds .

========================================================================
Received Import Request.
  Time since last request: 13.148734 seconds.
  path: Assets/Sequences
  artifactKey: Guid(7d21a0f22b7695d4ca6c6fe7bd0b0f58) Importer(815301076,1909f56bfc062723c751e8b465ee728b)
Start importing Assets/Sequences using Guid(7d21a0f22b7695d4ca6c6fe7bd0b0f58) Importer(815301076,1909f56bfc062723c751e8b465ee728b)  -> (artifact id: '95705c10bc9281e390fbea94e730e4c3') in 0.004384 seconds 
  Import took 0.007217 seconds .

========================================================================
Received Import Request.
  Time since last request: 128.854266 seconds.
  path: Assets/Sounds
  artifactKey: Guid(05116caaaeb0e0c40bfd54a0878b93ec) Importer(815301076,1909f56bfc062723c751e8b465ee728b)
Start importing Assets/Sounds using Guid(05116caaaeb0e0c40bfd54a0878b93ec) Importer(815301076,1909f56bfc062723c751e8b465ee728b)  -> (artifact id: '15d354a917a4fe77bfc22374f0dac2ea') in 0.004748 seconds 
  Import took 0.007319 seconds .

========================================================================
Received Import Request.
  Time since last request: 2.403828 seconds.
  path: Assets/TextMesh Pro
  artifactKey: Guid(f54d1bd14bd3ca042bd867b519fee8cc) Importer(815301076,1909f56bfc062723c751e8b465ee728b)
Start importing Assets/TextMesh Pro using Guid(f54d1bd14bd3ca042bd867b519fee8cc) Importer(815301076,1909f56bfc062723c751e8b465ee728b)  -> (artifact id: '16b4cbde9565bf190136f1148817e1ea') in 0.004497 seconds 
  Import took 0.007248 seconds .

